048.421  037.149  023.730: sourcing /home/matthew/.config/dein/.cache/init.vim/.dein/autoload/polyglot/init.vim
069.431  066.153  015.118: sourcing /home/matthew/.config/nvim/init.vim
099.895  014.160  014.160: sourcing /home/matthew/.config/dein/.cache/init.vim/.dein/plugin/EasyMotion.vim
025.424  013.012  012.811: sourcing /usr/share/nvim/runtime/filetype.vim
084.256  013.766  012.320: sourcing /home/matthew/.config/dein/repos/github.com/neoclide/coc.nvim/plugin/coc.vim
199.709  010.075  010.075: sourcing /home/matthew/.config/dein/.cache/init.vim/.dein/autoload/fugitive.vim
170.727  008.911  008.911: sourcing /usr/share/nvim/runtime/syntax/vim.vim
109.740  006.474  006.474: sourcing /home/matthew/.config/dein/.cache/init.vim/.dein/plugin/emmet.vim
120.108  005.855  005.024: sourcing /home/matthew/.config/dein/.cache/init.vim/.dein/plugin/gitgutter.vim
114.152  004.320  004.320: sourcing /home/matthew/.config/dein/.cache/init.vim/.dein/plugin/fugitive.vim
174.259  003.388  003.388: sourcing /usr/share/nvim/runtime/syntax/vim/generated.vim
054.183  002.803  002.240: sourcing /home/matthew/.config/dein/.cache/init.vim/.dein/colors/photon.vim
206.255  002.156  002.156: sourcing /home/matthew/.config/dein/.cache/init.vim/.dein/autoload/sy/repo.vim
132.554  003.018  002.124: sourcing /home/matthew/.config/dein/.cache/init.vim/.dein/plugin/vem_tabline.vim
054.413  044.278  002.011: sourcing /home/matthew/.config/nvim/config/settings.vim
009.109  001.871  001.871: sourcing /home/matthew/.config/dein/.cache/init.vim/.dein/colors/photon.vim
176.220  001.652  001.652: sourcing /usr/share/nvim/runtime/syntax/vim/generated.vim
178.147  001.624  001.624: sourcing /usr/share/nvim/runtime/syntax/vim/generated.vim
050.839  001.575  001.575: sourcing /home/matthew/.config/dein/.cache/init.vim/.dein/colors/photon.vim
146.266  001.520  001.520: sourcing /home/matthew/.config/dein/.cache/init.vim/.dein/after/plugin/indentLine.vim
138.542  001.476  001.476: sourcing /usr/share/nvim/runtime/plugin/netrwPlugin.vim
143.999  001.255  001.255: sourcing /usr/share/vim/vimfiles/plugin/fzf.vim
236.790  001.133  001.133: sourcing /home/matthew/.config/dein/.cache/init.vim/.dein/autoload/polyglot/sleuth.vim
123.881  000.986  000.986: sourcing /home/matthew/.config/dein/.cache/init.vim/.dein/plugin/polyglot.vim
072.111  000.962  000.962: sourcing /home/matthew/.config/dein/repos/github.com/neoclide/coc.nvim/autoload/coc/util.vim
006.281  002.969  000.905: sourcing /home/matthew/.config/nvim/config/plugins.vim
2883.664  000.890  000.890: sourcing /usr/share/nvim/runtime/autoload/provider/clipboard.vim
103.201  000.890  000.890: sourcing /home/matthew/.config/dein/.cache/init.vim/.dein/plugin/dirvish_git.vim
004.781  000.874  000.826: sourcing /home/matthew/.config/dein/state_nvim.vim
128.456  000.821  000.821: sourcing /home/matthew/.config/dein/.cache/init.vim/.dein/plugin/surround.vim
102.241  000.802  000.802: sourcing /home/matthew/.config/dein/.cache/init.vim/.dein/plugin/dirvish.vim
210.548  000.691  000.691: sourcing /home/matthew/.config/dein/.cache/init.vim/.dein/autoload/minimap/vim.vim
136.398  001.226  000.663: sourcing /usr/share/nvim/runtime/plugin/matchit.vim
006.067  000.656  000.656: sourcing /home/matthew/.config/dein/repos/github.com/Shougo/dein.vim/autoload/dein/util.vim
125.838  000.609  000.609: sourcing /home/matthew/.config/dein/.cache/init.vim/.dein/plugin/rhubarb.vim
124.703  000.597  000.597: sourcing /home/matthew/.config/dein/.cache/init.vim/.dein/plugin/projectionist.vim
121.532  000.596  000.596: sourcing /home/matthew/.config/dein/.cache/init.vim/.dein/plugin/minimap.vim
129.315  000.594  000.594: sourcing /home/matthew/.config/dein/.cache/init.vim/.dein/plugin/tagalong.vim
142.396  000.586  000.586: sourcing /usr/share/nvim/runtime/plugin/zipPlugin.vim
126.917  000.584  000.584: sourcing /home/matthew/.config/dein/.cache/init.vim/.dein/plugin/signify.vim
136.323  000.563  000.563: sourcing /usr/share/nvim/runtime/pack/dist/opt/matchit/plugin/matchit.vim
134.140  000.561  000.561: sourcing /usr/share/nvim/runtime/plugin/gzip.vim
140.926  000.560  000.560: sourcing /usr/share/nvim/runtime/plugin/tarPlugin.vim
122.118  000.542  000.542: sourcing /home/matthew/.config/dein/.cache/init.vim/.dein/plugin/moonfly-statusline.vim
101.179  000.540  000.540: sourcing /home/matthew/.config/dein/.cache/init.vim/.dein/plugin/commentary.vim
159.635  000.523  000.523: sourcing /usr/share/nvim/runtime/ftplugin/vim.vim
139.916  000.451  000.451: sourcing /usr/share/nvim/runtime/plugin/shada.vim
139.272  000.456  000.434: sourcing /usr/share/nvim/runtime/plugin/rplugin.vim
115.102  000.420  000.420: sourcing /home/matthew/.config/dein/.cache/init.vim/.dein/autoload/gitgutter/utility.vim
116.409  000.411  000.411: sourcing /home/matthew/.config/dein/.cache/init.vim/.dein/autoload/gitgutter/highlight.vim
134.975  000.409  000.409: sourcing /usr/share/nvim/runtime/plugin/man.vim
131.116  000.400  000.400: sourcing /home/matthew/.config/dein/.cache/init.vim/.dein/autoload/vem_tabline/buffers.vim
055.192  000.740  000.388: sourcing /home/matthew/.config/nvim/config/which-key.vim
2875.508  000.373  000.373: sourcing /home/matthew/.config/dein/.cache/init.vim/.dein/autoload/gitgutter/async.vim
055.153  000.352  000.352: sourcing /home/matthew/.config/dein/.cache/init.vim/.dein/autoload/which_key.vim
130.419  000.348  000.348: sourcing /home/matthew/.config/dein/.cache/init.vim/.dein/autoload/vem_tabline.vim
120.898  000.333  000.333: sourcing /home/matthew/.config/dein/.cache/init.vim/.dein/plugin/gv.vim
052.207  000.323  000.323: sourcing /usr/share/nvim/runtime/syntax/syncolor.vim
009.724  000.318  000.318: sourcing /home/matthew/.config/nvim/config/functions.vim
127.432  000.310  000.310: sourcing /home/matthew/.config/dein/.cache/init.vim/.dein/plugin/smoothie.vim
2850.201  000.306  000.306: sourcing /home/matthew/.config/dein/.cache/init.vim/.dein/autoload/gitgutter.vim
005.280  000.306  000.306: sourcing /home/matthew/.config/dein/repos/github.com/Shougo/dein.vim/autoload/dein/autoload.vim
072.864  000.302  000.302: sourcing /home/matthew/.config/dein/repos/github.com/neoclide/coc.nvim/autoload/coc/client.vim
136.869  000.279  000.279: sourcing /usr/share/nvim/runtime/plugin/matchparen.vim
026.154  000.275  000.275: sourcing /home/matthew/.config/dein/.cache/init.vim/.dein/ftdetect/ftdetect.vim
048.447  037.410  000.260: sourcing /home/matthew/.config/dein/.cache/init.vim/.dein/filetype.vim
2906.161  000.256  000.256: sourcing /home/matthew/.config/dein/.cache/init.vim/.dein/autoload/moonfly_statusline.vim
009.283  002.122  000.251: sourcing /home/matthew/.config/nvim/config/colorscheme.vim
178.722  000.242  000.242: sourcing /home/matthew/.config/dein/.cache/init.vim/.dein/autoload/rainbow_main.vim
120.445  000.241  000.241: sourcing /home/matthew/.config/dein/.cache/init.vim/.dein/plugin/gitmessenger.vim
053.208  000.241  000.241: sourcing /usr/share/nvim/runtime/syntax/syncolor.vim
133.024  000.236  000.236: sourcing /home/matthew/.config/dein/.cache/init.vim/.dein/plugin/which_key.vim
2876.314  000.232  000.232: sourcing /home/matthew/.config/dein/.cache/init.vim/.dein/autoload/gitgutter/debug.vim
003.660  000.229  000.229: sourcing /home/matthew/.config/dein/repos/github.com/Shougo/dein.vim/autoload/dein.vim
054.314  003.026  000.223: sourcing /usr/share/nvim/runtime/syntax/synload.vim
006.549  000.223  000.223: sourcing /home/matthew/.config/nvim/config/coc.vim
100.374  000.214  000.214: sourcing /home/matthew/.config/dein/.cache/init.vim/.dein/plugin/cargo.vim
202.491  000.188  000.188: sourcing /home/matthew/.config/dein/.cache/init.vim/.dein/autoload/sy.vim
070.960  000.182  000.182: sourcing /home/matthew/.config/dein/repos/github.com/neoclide/coc.nvim/autoload/coc/rpc.vim
203.212  000.176  000.176: sourcing /home/matthew/.config/dein/.cache/init.vim/.dein/autoload/sy/util.vim
179.286  000.165  000.165: sourcing /home/matthew/.config/dein/.cache/init.vim/.dein/autoload/rainbow.vim
187.830  000.163  000.163: sourcing /usr/share/nvim/runtime/indent/vim.vim
069.748  000.162  000.162: sourcing /usr/share/nvim/runtime/indent.vim
141.297  000.154  000.154: sourcing /usr/share/nvim/runtime/plugin/tohtml.vim
024.925  000.152  000.152: sourcing /home/matthew/.config/dein/.cache/init.vim/.dein/ftdetect/ftdetect.vim
054.354  003.171  000.145: sourcing /usr/share/nvim/runtime/syntax/syntax.vim
101.389  000.131  000.131: sourcing /home/matthew/.config/dein/.cache/init.vim/.dein/plugin/deinui.vim
006.983  000.110  000.110: sourcing /home/matthew/.config/nvim/config/keymaps.vim
100.556  000.109  000.109: sourcing /home/matthew/.config/dein/.cache/init.vim/.dein/plugin/colorizer.vim
122.575  000.104  000.104: sourcing /home/matthew/.config/dein/.cache/init.vim/.dein/plugin/nvim-web-devicons.vim
125.039  000.091  000.091: sourcing /home/matthew/.config/dein/.cache/init.vim/.dein/plugin/rainbow_main.vim
126.139  000.087  000.087: sourcing /home/matthew/.config/dein/.cache/init.vim/.dein/plugin/rust.vim
009.975  000.086  000.086: sourcing /home/matthew/.config/nvim/config/polyglot.vim
131.854  000.081  000.081: sourcing /home/matthew/.config/dein/.cache/init.vim/.dein/autoload/vem_tabline/tabpages.vim
100.092  000.075  000.075: sourcing /home/matthew/.config/dein/.cache/init.vim/.dein/plugin/bufferline.vim
007.086  000.073  000.073: sourcing /home/matthew/.config/nvim/config/rainbow.vim
141.561  000.072  000.072: sourcing /usr/share/nvim/runtime/plugin/tutor.vim
048.901  000.069  000.069: sourcing /home/matthew/.config/dein/.cache/init.vim/.dein/ftplugin.vim
131.516  000.065  000.065: sourcing /home/matthew/.config/dein/.cache/init.vim/.dein/autoload/vem_tabline/separator.vim
026.666  000.051  000.051: sourcing /usr/share/vim/vimfiles/ftdetect/conkyrc.vim
026.560  000.050  000.050: sourcing /usr/share/vim/vimfiles/ftdetect/PKGBUILD.vim
140.172  000.046  000.046: sourcing /usr/share/nvim/runtime/plugin/spellfile.vim
120.532  000.042  000.042: sourcing /home/matthew/.config/dein/.cache/init.vim/.dein/plugin/goyo.vim
004.549  000.032  000.032: sourcing /usr/share/nvim/runtime/ftoff.vim
012.354  000.031  000.031: sourcing /home/matthew/.config/dein/.cache/init.vim/.dein/filetype.vim
025.139  000.028  000.028: sourcing /usr/share/vim/vimfiles/ftdetect/conkyrc.vim
134.370  000.024  000.024: sourcing /usr/share/nvim/runtime/plugin/health.vim
139.258  000.022  000.022: sourcing /home/matthew/.local/share/nvim/rplugin.vim
048.966  000.022  000.022: sourcing /usr/share/nvim/runtime/ftplugin.vim
003.243  000.022  000.022: sourcing $VIM/sysinit.vim
025.086  000.021  000.021: sourcing /usr/share/vim/vimfiles/ftdetect/PKGBUILD.vim
048.507  000.020  000.020: sourcing /usr/share/nvim/runtime/filetype.vim
006.801  000.020  000.020: sourcing /home/matthew/.config/nvim/config/ident.vim
006.846  000.018  000.018: sourcing /home/matthew/.config/nvim/config/minimap.vim
007.132  000.017  000.017: sourcing /home/matthew/.config/nvim/config/closetags.vim
004.485  000.016  000.016: sourcing /home/matthew/.config/dein/.cache/init.vim/.dein/ftoff.vim
006.600  000.014  000.014: sourcing /home/matthew/.config/nvim/config/leader-key.vim
006.679  000.013  000.013: sourcing /home/matthew/.config/nvim/config/tabline.vim
006.719  000.012  000.012: sourcing /home/matthew/.config/nvim/config/statusline.vim
006.640  000.012  000.012: sourcing /home/matthew/.config/nvim/config/emmet.vim
006.755  000.010  000.010: sourcing /home/matthew/.config/nvim/config/rust.vim
2908.013  000.011: --- NVIM STARTED ---
2908.002  024.016: first screen update
2883.730  001.014: before starting main loop
2881.826  000.014: UIEnter autocommands
2881.812  009.822: VimEnter autocommands
2871.385  000.019: editing files in windows
2871.366  2639.696: BufEnter autocommands
230.231  047.111: opening buffers
153.165  006.594: reading ShaDa
146.571  000.020: inits 3
146.551  000.815: loading after plugins
144.216  000.203: loading packages
144.013  009.718: loading plugins
069.453  000.205: sourcing vimrc file(s)
003.074  000.065: initialized screen early for UI
003.008  001.297: done waiting for UI
001.711  000.002: waiting for UI
001.709  000.662: init highlight
001.047  000.133: inits 2
000.914  000.064: expanding arguments
000.850  000.049: parsing arguments
000.801  000.017: window checked
000.784  000.396: inits 1
000.388  000.379: locale set
000.009  000.009: --- NVIM STARTING ---

 clock   elapsed:              other lines
 clock   self+sourced   self:  sourced script
times in msec


